<?xml version="1.0" encoding="UTF-8"?>
<coverage generated="1608239292259" clover="3.2.0">
  <project timestamp="1608239292259" name="All files">
    <metrics statements="41" coveredstatements="39" conditionals="19" coveredconditionals="18" methods="8" coveredmethods="8" elements="68" coveredelements="65" complexity="0" loc="41" ncloc="41" packages="1" files="2" classes="2"/>
    <file name="TvaGenerator.js" path="/Users/sarrajaballah/enseirb/3A/génie_logiciel/carpaccio-tanzia-brawlers/modules/TvaGenerator.js">
      <metrics statements="12" coveredstatements="11" conditionals="4" coveredconditionals="3" methods="3" coveredmethods="3"/>
      <line num="1" count="2" type="stmt"/>
      <line num="5" count="2" type="stmt"/>
      <line num="6" count="2" type="stmt"/>
      <line num="10" count="2" type="stmt"/>
      <line num="11" count="2" type="stmt"/>
      <line num="12" count="2" type="stmt"/>
      <line num="13" count="56" type="cond" truecount="2" falsecount="0"/>
      <line num="14" count="2" type="stmt"/>
      <line num="15" count="2" type="stmt"/>
      <line num="18" count="2" type="cond" truecount="1" falsecount="1"/>
      <line num="19" count="0" type="stmt"/>
      <line num="23" count="2" type="stmt"/>
    </file>
    <file name="bill.js" path="/Users/sarrajaballah/enseirb/3A/génie_logiciel/carpaccio-tanzia-brawlers/modules/bill.js">
      <metrics statements="29" coveredstatements="28" conditionals="15" coveredconditionals="15" methods="5" coveredmethods="5"/>
      <line num="1" count="1" type="stmt"/>
      <line num="4" count="1" type="stmt"/>
      <line num="5" count="2" type="stmt"/>
      <line num="6" count="1" type="stmt"/>
      <line num="7" count="1" type="stmt"/>
      <line num="12" count="9" type="stmt"/>
      <line num="13" count="9" type="stmt"/>
      <line num="14" count="9" type="stmt"/>
      <line num="15" count="9" type="stmt"/>
      <line num="16" count="9" type="stmt"/>
      <line num="17" count="1" type="stmt"/>
      <line num="21" count="9" type="cond" truecount="5" falsecount="0"/>
      <line num="22" count="3" type="stmt"/>
      <line num="23" count="6" type="cond" truecount="2" falsecount="0"/>
      <line num="24" count="1" type="stmt"/>
      <line num="25" count="5" type="cond" truecount="2" falsecount="0"/>
      <line num="26" count="1" type="stmt"/>
      <line num="27" count="4" type="cond" truecount="2" falsecount="0"/>
      <line num="28" count="1" type="stmt"/>
      <line num="30" count="3" type="stmt"/>
      <line num="31" count="5" type="cond" truecount="2" falsecount="0"/>
      <line num="32" count="1" type="stmt"/>
      <line num="33" count="4" type="cond" truecount="2" falsecount="0"/>
      <line num="34" count="1" type="stmt"/>
      <line num="38" count="1" type="stmt"/>
      <line num="39" count="1" type="stmt"/>
      <line num="40" count="1" type="stmt"/>
      <line num="42" count="0" type="stmt"/>
      <line num="46" count="1" type="stmt"/>
    </file>
  </project>
</coverage>
