{"/Users/sarrajaballah/enseirb/3A/génie_logiciel/carpaccio-tanzia-brawlers/modules/TvaGenerator.js": {"path":"/Users/sarrajaballah/enseirb/3A/génie_logiciel/carpaccio-tanzia-brawlers/modules/TvaGenerator.js","statementMap":{"0":{"start":{"line":1,"column":11},"end":{"line":1,"column":24}},"1":{"start":{"line":5,"column":4},"end":{"line":5,"column":17}},"2":{"start":{"line":6,"column":4},"end":{"line":6,"column":34}},"3":{"start":{"line":10,"column":17},"end":{"line":10,"column":53}},"4":{"start":{"line":11,"column":22},"end":{"line":11,"column":41}},"5":{"start":{"line":12,"column":4},"end":{"line":17,"column":6}},"6":{"start":{"line":13,"column":6},"end":{"line":16,"column":7}},"7":{"start":{"line":14,"column":31},"end":{"line":14,"column":47}},"8":{"start":{"line":15,"column":8},"end":{"line":15,"column":37}},"9":{"start":{"line":18,"column":4},"end":{"line":20,"column":5}},"10":{"start":{"line":19,"column":6},"end":{"line":19,"column":65}},"11":{"start":{"line":23,"column":0},"end":{"line":23,"column":29}}},"fnMap":{"0":{"name":"(anonymous_0)","decl":{"start":{"line":4,"column":2},"end":{"line":4,"column":3}},"loc":{"start":{"line":4,"column":28},"end":{"line":7,"column":3}},"line":4},"1":{"name":"(anonymous_1)","decl":{"start":{"line":9,"column":2},"end":{"line":9,"column":3}},"loc":{"start":{"line":9,"column":29},"end":{"line":21,"column":3}},"line":9},"2":{"name":"(anonymous_2)","decl":{"start":{"line":12,"column":22},"end":{"line":12,"column":23}},"loc":{"start":{"line":12,"column":37},"end":{"line":17,"column":5}},"line":12}},"branchMap":{"0":{"loc":{"start":{"line":13,"column":6},"end":{"line":16,"column":7}},"type":"if","locations":[{"start":{"line":13,"column":6},"end":{"line":16,"column":7}},{"start":{"line":13,"column":6},"end":{"line":16,"column":7}}],"line":13},"1":{"loc":{"start":{"line":18,"column":4},"end":{"line":20,"column":5}},"type":"if","locations":[{"start":{"line":18,"column":4},"end":{"line":20,"column":5}},{"start":{"line":18,"column":4},"end":{"line":20,"column":5}}],"line":18}},"s":{"0":2,"1":2,"2":2,"3":2,"4":2,"5":2,"6":56,"7":2,"8":2,"9":2,"10":0,"11":2},"f":{"0":2,"1":2,"2":56},"b":{"0":[2,54],"1":[0,2]},"_coverageSchema":"1a1c01bbd47fc00a2c39e90264f33305004495a9","hash":"0a07c5011747b11072a9156604bee7147e4802eb"}
,"/Users/sarrajaballah/enseirb/3A/génie_logiciel/carpaccio-tanzia-brawlers/modules/bill.js": {"path":"/Users/sarrajaballah/enseirb/3A/génie_logiciel/carpaccio-tanzia-brawlers/modules/bill.js","statementMap":{"0":{"start":{"line":1,"column":21},"end":{"line":1,"column":49}},"1":{"start":{"line":4,"column":12},"end":{"line":4,"column":13}},"2":{"start":{"line":5,"column":2},"end":{"line":5,"column":73}},"3":{"start":{"line":5,"column":38},"end":{"line":5,"column":70}},"4":{"start":{"line":6,"column":2},"end":{"line":6,"column":35}},"5":{"start":{"line":7,"column":2},"end":{"line":7,"column":12}},"6":{"start":{"line":12,"column":4},"end":{"line":12,"column":24}},"7":{"start":{"line":13,"column":4},"end":{"line":13,"column":32}},"8":{"start":{"line":14,"column":4},"end":{"line":14,"column":34}},"9":{"start":{"line":15,"column":4},"end":{"line":15,"column":16}},"10":{"start":{"line":16,"column":4},"end":{"line":16,"column":26}},"11":{"start":{"line":17,"column":4},"end":{"line":17,"column":61}},"12":{"start":{"line":21,"column":4},"end":{"line":37,"column":5}},"13":{"start":{"line":22,"column":6},"end":{"line":22,"column":69}},"14":{"start":{"line":23,"column":11},"end":{"line":37,"column":5}},"15":{"start":{"line":24,"column":6},"end":{"line":24,"column":48}},"16":{"start":{"line":25,"column":11},"end":{"line":37,"column":5}},"17":{"start":{"line":26,"column":6},"end":{"line":26,"column":48}},"18":{"start":{"line":27,"column":11},"end":{"line":37,"column":5}},"19":{"start":{"line":28,"column":6},"end":{"line":28,"column":86}},"20":{"start":{"line":30,"column":6},"end":{"line":36,"column":8}},"21":{"start":{"line":31,"column":8},"end":{"line":35,"column":9}},"22":{"start":{"line":32,"column":10},"end":{"line":32,"column":68}},"23":{"start":{"line":33,"column":15},"end":{"line":35,"column":9}},"24":{"start":{"line":34,"column":10},"end":{"line":34,"column":62}},"25":{"start":{"line":38,"column":4},"end":{"line":43,"column":5}},"26":{"start":{"line":39,"column":21},"end":{"line":39,"column":55}},"27":{"start":{"line":40,"column":6},"end":{"line":40,"column":27}},"28":{"start":{"line":42,"column":6},"end":{"line":42,"column":32}},"29":{"start":{"line":46,"column":0},"end":{"line":46,"column":31}}},"fnMap":{"0":{"name":"sum","decl":{"start":{"line":3,"column":9},"end":{"line":3,"column":12}},"loc":{"start":{"line":3,"column":36},"end":{"line":8,"column":1}},"line":3},"1":{"name":"(anonymous_1)","decl":{"start":{"line":5,"column":16},"end":{"line":5,"column":17}},"loc":{"start":{"line":5,"column":36},"end":{"line":5,"column":72}},"line":5},"2":{"name":"(anonymous_2)","decl":{"start":{"line":11,"column":2},"end":{"line":11,"column":3}},"loc":{"start":{"line":11,"column":48},"end":{"line":18,"column":3}},"line":11},"3":{"name":"(anonymous_3)","decl":{"start":{"line":20,"column":2},"end":{"line":20,"column":3}},"loc":{"start":{"line":20,"column":21},"end":{"line":44,"column":3}},"line":20},"4":{"name":"(anonymous_4)","decl":{"start":{"line":30,"column":30},"end":{"line":30,"column":31}},"loc":{"start":{"line":30,"column":50},"end":{"line":36,"column":7}},"line":30}},"branchMap":{"0":{"loc":{"start":{"line":21,"column":4},"end":{"line":37,"column":5}},"type":"if","locations":[{"start":{"line":21,"column":4},"end":{"line":37,"column":5}},{"start":{"line":21,"column":4},"end":{"line":37,"column":5}}],"line":21},"1":{"loc":{"start":{"line":21,"column":8},"end":{"line":21,"column":100}},"type":"binary-expr","locations":[{"start":{"line":21,"column":8},"end":{"line":21,"column":37}},{"start":{"line":21,"column":41},"end":{"line":21,"column":66}},{"start":{"line":21,"column":70},"end":{"line":21,"column":100}}],"line":21},"2":{"loc":{"start":{"line":23,"column":11},"end":{"line":37,"column":5}},"type":"if","locations":[{"start":{"line":23,"column":11},"end":{"line":37,"column":5}},{"start":{"line":23,"column":11},"end":{"line":37,"column":5}}],"line":23},"3":{"loc":{"start":{"line":25,"column":11},"end":{"line":37,"column":5}},"type":"if","locations":[{"start":{"line":25,"column":11},"end":{"line":37,"column":5}},{"start":{"line":25,"column":11},"end":{"line":37,"column":5}}],"line":25},"4":{"loc":{"start":{"line":27,"column":11},"end":{"line":37,"column":5}},"type":"if","locations":[{"start":{"line":27,"column":11},"end":{"line":37,"column":5}},{"start":{"line":27,"column":11},"end":{"line":37,"column":5}}],"line":27},"5":{"loc":{"start":{"line":31,"column":8},"end":{"line":35,"column":9}},"type":"if","locations":[{"start":{"line":31,"column":8},"end":{"line":35,"column":9}},{"start":{"line":31,"column":8},"end":{"line":35,"column":9}}],"line":31},"6":{"loc":{"start":{"line":33,"column":15},"end":{"line":35,"column":9}},"type":"if","locations":[{"start":{"line":33,"column":15},"end":{"line":35,"column":9}},{"start":{"line":33,"column":15},"end":{"line":35,"column":9}}],"line":33}},"s":{"0":1,"1":1,"2":1,"3":2,"4":1,"5":1,"6":9,"7":9,"8":9,"9":9,"10":9,"11":1,"12":9,"13":3,"14":6,"15":1,"16":5,"17":1,"18":4,"19":1,"20":3,"21":5,"22":1,"23":4,"24":1,"25":1,"26":1,"27":1,"28":0,"29":1},"f":{"0":1,"1":2,"2":9,"3":9,"4":5},"b":{"0":[3,6],"1":[9,8,7],"2":[1,5],"3":[1,4],"4":[1,3],"5":[1,4],"6":[1,3]},"_coverageSchema":"1a1c01bbd47fc00a2c39e90264f33305004495a9","hash":"e0c653109d165ede52d4462dcb0d6c79c6650371"}
}
