{"/Users/sarrajaballah/enseirb/3A/génie_logiciel/carpaccio-tanzia-brawlers/modules/TvaGenerator.js": {"path":"/Users/sarrajaballah/enseirb/3A/génie_logiciel/carpaccio-tanzia-brawlers/modules/TvaGenerator.js","statementMap":{"0":{"start":{"line":1,"column":11},"end":{"line":1,"column":24}},"1":{"start":{"line":5,"column":4},"end":{"line":5,"column":17}},"2":{"start":{"line":6,"column":4},"end":{"line":6,"column":34}},"3":{"start":{"line":10,"column":17},"end":{"line":10,"column":53}},"4":{"start":{"line":11,"column":22},"end":{"line":11,"column":41}},"5":{"start":{"line":12,"column":4},"end":{"line":17,"column":6}},"6":{"start":{"line":13,"column":6},"end":{"line":16,"column":7}},"7":{"start":{"line":14,"column":31},"end":{"line":14,"column":47}},"8":{"start":{"line":15,"column":8},"end":{"line":15,"column":37}},"9":{"start":{"line":18,"column":4},"end":{"line":20,"column":5}},"10":{"start":{"line":19,"column":6},"end":{"line":19,"column":65}},"11":{"start":{"line":23,"column":0},"end":{"line":23,"column":29}}},"fnMap":{"0":{"name":"(anonymous_0)","decl":{"start":{"line":4,"column":2},"end":{"line":4,"column":3}},"loc":{"start":{"line":4,"column":28},"end":{"line":7,"column":3}},"line":4},"1":{"name":"(anonymous_1)","decl":{"start":{"line":9,"column":2},"end":{"line":9,"column":3}},"loc":{"start":{"line":9,"column":29},"end":{"line":21,"column":3}},"line":9},"2":{"name":"(anonymous_2)","decl":{"start":{"line":12,"column":22},"end":{"line":12,"column":23}},"loc":{"start":{"line":12,"column":37},"end":{"line":17,"column":5}},"line":12}},"branchMap":{"0":{"loc":{"start":{"line":13,"column":6},"end":{"line":16,"column":7}},"type":"if","locations":[{"start":{"line":13,"column":6},"end":{"line":16,"column":7}},{"start":{"line":13,"column":6},"end":{"line":16,"column":7}}],"line":13},"1":{"loc":{"start":{"line":18,"column":4},"end":{"line":20,"column":5}},"type":"if","locations":[{"start":{"line":18,"column":4},"end":{"line":20,"column":5}},{"start":{"line":18,"column":4},"end":{"line":20,"column":5}}],"line":18}},"s":{"0":3,"1":16,"2":16,"3":16,"4":16,"5":16,"6":448,"7":16,"8":16,"9":16,"10":0,"11":3},"f":{"0":16,"1":16,"2":448},"b":{"0":[16,432],"1":[0,16]},"_coverageSchema":"1a1c01bbd47fc00a2c39e90264f33305004495a9","hash":"0a07c5011747b11072a9156604bee7147e4802eb"}
,"/Users/sarrajaballah/enseirb/3A/génie_logiciel/carpaccio-tanzia-brawlers/modules/bill.js": {"path":"/Users/sarrajaballah/enseirb/3A/génie_logiciel/carpaccio-tanzia-brawlers/modules/bill.js","statementMap":{"0":{"start":{"line":1,"column":21},"end":{"line":1,"column":49}},"1":{"start":{"line":4,"column":12},"end":{"line":4,"column":13}},"2":{"start":{"line":5,"column":2},"end":{"line":5,"column":73}},"3":{"start":{"line":5,"column":38},"end":{"line":5,"column":70}},"4":{"start":{"line":6,"column":2},"end":{"line":6,"column":35}},"5":{"start":{"line":7,"column":2},"end":{"line":7,"column":12}},"6":{"start":{"line":12,"column":4},"end":{"line":12,"column":24}},"7":{"start":{"line":13,"column":4},"end":{"line":13,"column":32}},"8":{"start":{"line":14,"column":4},"end":{"line":14,"column":34}},"9":{"start":{"line":15,"column":4},"end":{"line":15,"column":16}},"10":{"start":{"line":16,"column":4},"end":{"line":16,"column":26}},"11":{"start":{"line":17,"column":4},"end":{"line":17,"column":61}},"12":{"start":{"line":21,"column":4},"end":{"line":37,"column":5}},"13":{"start":{"line":22,"column":6},"end":{"line":22,"column":69}},"14":{"start":{"line":23,"column":11},"end":{"line":37,"column":5}},"15":{"start":{"line":24,"column":6},"end":{"line":24,"column":48}},"16":{"start":{"line":25,"column":11},"end":{"line":37,"column":5}},"17":{"start":{"line":26,"column":6},"end":{"line":26,"column":48}},"18":{"start":{"line":27,"column":11},"end":{"line":37,"column":5}},"19":{"start":{"line":28,"column":6},"end":{"line":28,"column":86}},"20":{"start":{"line":30,"column":6},"end":{"line":36,"column":8}},"21":{"start":{"line":31,"column":8},"end":{"line":35,"column":9}},"22":{"start":{"line":32,"column":10},"end":{"line":32,"column":68}},"23":{"start":{"line":33,"column":15},"end":{"line":35,"column":9}},"24":{"start":{"line":34,"column":10},"end":{"line":34,"column":62}},"25":{"start":{"line":38,"column":4},"end":{"line":43,"column":5}},"26":{"start":{"line":39,"column":21},"end":{"line":39,"column":55}},"27":{"start":{"line":40,"column":6},"end":{"line":40,"column":27}},"28":{"start":{"line":42,"column":6},"end":{"line":42,"column":32}},"29":{"start":{"line":46,"column":0},"end":{"line":46,"column":31}}},"fnMap":{"0":{"name":"sum","decl":{"start":{"line":3,"column":9},"end":{"line":3,"column":12}},"loc":{"start":{"line":3,"column":36},"end":{"line":8,"column":1}},"line":3},"1":{"name":"(anonymous_1)","decl":{"start":{"line":5,"column":16},"end":{"line":5,"column":17}},"loc":{"start":{"line":5,"column":36},"end":{"line":5,"column":72}},"line":5},"2":{"name":"(anonymous_2)","decl":{"start":{"line":11,"column":2},"end":{"line":11,"column":3}},"loc":{"start":{"line":11,"column":48},"end":{"line":18,"column":3}},"line":11},"3":{"name":"(anonymous_3)","decl":{"start":{"line":20,"column":2},"end":{"line":20,"column":3}},"loc":{"start":{"line":20,"column":21},"end":{"line":44,"column":3}},"line":20},"4":{"name":"(anonymous_4)","decl":{"start":{"line":30,"column":30},"end":{"line":30,"column":31}},"loc":{"start":{"line":30,"column":50},"end":{"line":36,"column":7}},"line":30}},"branchMap":{"0":{"loc":{"start":{"line":21,"column":4},"end":{"line":37,"column":5}},"type":"if","locations":[{"start":{"line":21,"column":4},"end":{"line":37,"column":5}},{"start":{"line":21,"column":4},"end":{"line":37,"column":5}}],"line":21},"1":{"loc":{"start":{"line":21,"column":8},"end":{"line":21,"column":100}},"type":"binary-expr","locations":[{"start":{"line":21,"column":8},"end":{"line":21,"column":37}},{"start":{"line":21,"column":41},"end":{"line":21,"column":66}},{"start":{"line":21,"column":70},"end":{"line":21,"column":100}}],"line":21},"2":{"loc":{"start":{"line":23,"column":11},"end":{"line":37,"column":5}},"type":"if","locations":[{"start":{"line":23,"column":11},"end":{"line":37,"column":5}},{"start":{"line":23,"column":11},"end":{"line":37,"column":5}}],"line":23},"3":{"loc":{"start":{"line":25,"column":11},"end":{"line":37,"column":5}},"type":"if","locations":[{"start":{"line":25,"column":11},"end":{"line":37,"column":5}},{"start":{"line":25,"column":11},"end":{"line":37,"column":5}}],"line":25},"4":{"loc":{"start":{"line":27,"column":11},"end":{"line":37,"column":5}},"type":"if","locations":[{"start":{"line":27,"column":11},"end":{"line":37,"column":5}},{"start":{"line":27,"column":11},"end":{"line":37,"column":5}}],"line":27},"5":{"loc":{"start":{"line":31,"column":8},"end":{"line":35,"column":9}},"type":"if","locations":[{"start":{"line":31,"column":8},"end":{"line":35,"column":9}},{"start":{"line":31,"column":8},"end":{"line":35,"column":9}}],"line":31},"6":{"loc":{"start":{"line":33,"column":15},"end":{"line":35,"column":9}},"type":"if","locations":[{"start":{"line":33,"column":15},"end":{"line":35,"column":9}},{"start":{"line":33,"column":15},"end":{"line":35,"column":9}}],"line":33}},"s":{"0":2,"1":15,"2":15,"3":22,"4":15,"5":15,"6":24,"7":24,"8":24,"9":24,"10":24,"11":15,"12":24,"13":3,"14":21,"15":2,"16":19,"17":1,"18":18,"19":1,"20":17,"21":25,"22":1,"23":24,"24":1,"25":15,"26":15,"27":15,"28":0,"29":2},"f":{"0":15,"1":22,"2":24,"3":24,"4":25},"b":{"0":[3,21],"1":[24,23,22],"2":[2,19],"3":[1,18],"4":[1,17],"5":[1,24],"6":[1,23]},"_coverageSchema":"1a1c01bbd47fc00a2c39e90264f33305004495a9","hash":"e0c653109d165ede52d4462dcb0d6c79c6650371"}
,"/Users/sarrajaballah/enseirb/3A/génie_logiciel/carpaccio-tanzia-brawlers/modules/billDiscount.js": {"path":"/Users/sarrajaballah/enseirb/3A/génie_logiciel/carpaccio-tanzia-brawlers/modules/billDiscount.js","statementMap":{"0":{"start":{"line":1,"column":23},"end":{"line":1,"column":43}},"1":{"start":{"line":4,"column":2},"end":{"line":33,"column":3}},"2":{"start":{"line":6,"column":6},"end":{"line":6,"column":16}},"3":{"start":{"line":8,"column":6},"end":{"line":8,"column":22}},"4":{"start":{"line":10,"column":6},"end":{"line":20,"column":7}},"5":{"start":{"line":11,"column":8},"end":{"line":11,"column":25}},"6":{"start":{"line":12,"column":13},"end":{"line":20,"column":7}},"7":{"start":{"line":13,"column":8},"end":{"line":13,"column":24}},"8":{"start":{"line":14,"column":13},"end":{"line":20,"column":7}},"9":{"start":{"line":15,"column":8},"end":{"line":15,"column":25}},"10":{"start":{"line":16,"column":13},"end":{"line":20,"column":7}},"11":{"start":{"line":17,"column":8},"end":{"line":17,"column":25}},"12":{"start":{"line":18,"column":13},"end":{"line":20,"column":7}},"13":{"start":{"line":19,"column":8},"end":{"line":19,"column":25}},"14":{"start":{"line":21,"column":6},"end":{"line":21,"column":16}},"15":{"start":{"line":23,"column":6},"end":{"line":29,"column":7}},"16":{"start":{"line":24,"column":8},"end":{"line":24,"column":24}},"17":{"start":{"line":25,"column":13},"end":{"line":29,"column":7}},"18":{"start":{"line":26,"column":8},"end":{"line":26,"column":23}},"19":{"start":{"line":27,"column":13},"end":{"line":29,"column":7}},"20":{"start":{"line":28,"column":8},"end":{"line":28,"column":23}},"21":{"start":{"line":30,"column":6},"end":{"line":30,"column":16}},"22":{"start":{"line":32,"column":6},"end":{"line":32,"column":53}},"23":{"start":{"line":38,"column":4},"end":{"line":47,"column":5}},"24":{"start":{"line":39,"column":6},"end":{"line":39,"column":66}},"25":{"start":{"line":40,"column":6},"end":{"line":44,"column":7}},"26":{"start":{"line":41,"column":8},"end":{"line":41,"column":68}},"27":{"start":{"line":43,"column":8},"end":{"line":43,"column":38}},"28":{"start":{"line":46,"column":6},"end":{"line":46,"column":32}},"29":{"start":{"line":50,"column":0},"end":{"line":50,"column":29}}},"fnMap":{"0":{"name":"discountCalculator","decl":{"start":{"line":3,"column":9},"end":{"line":3,"column":27}},"loc":{"start":{"line":3,"column":44},"end":{"line":34,"column":1}},"line":3},"1":{"name":"(anonymous_1)","decl":{"start":{"line":37,"column":2},"end":{"line":37,"column":3}},"loc":{"start":{"line":37,"column":55},"end":{"line":48,"column":3}},"line":37}},"branchMap":{"0":{"loc":{"start":{"line":4,"column":2},"end":{"line":33,"column":3}},"type":"switch","locations":[{"start":{"line":5,"column":4},"end":{"line":6,"column":16}},{"start":{"line":7,"column":4},"end":{"line":8,"column":22}},{"start":{"line":9,"column":4},"end":{"line":21,"column":16}},{"start":{"line":22,"column":4},"end":{"line":30,"column":16}},{"start":{"line":31,"column":4},"end":{"line":32,"column":53}}],"line":4},"1":{"loc":{"start":{"line":10,"column":6},"end":{"line":20,"column":7}},"type":"if","locations":[{"start":{"line":10,"column":6},"end":{"line":20,"column":7}},{"start":{"line":10,"column":6},"end":{"line":20,"column":7}}],"line":10},"2":{"loc":{"start":{"line":12,"column":13},"end":{"line":20,"column":7}},"type":"if","locations":[{"start":{"line":12,"column":13},"end":{"line":20,"column":7}},{"start":{"line":12,"column":13},"end":{"line":20,"column":7}}],"line":12},"3":{"loc":{"start":{"line":14,"column":13},"end":{"line":20,"column":7}},"type":"if","locations":[{"start":{"line":14,"column":13},"end":{"line":20,"column":7}},{"start":{"line":14,"column":13},"end":{"line":20,"column":7}}],"line":14},"4":{"loc":{"start":{"line":16,"column":13},"end":{"line":20,"column":7}},"type":"if","locations":[{"start":{"line":16,"column":13},"end":{"line":20,"column":7}},{"start":{"line":16,"column":13},"end":{"line":20,"column":7}}],"line":16},"5":{"loc":{"start":{"line":18,"column":13},"end":{"line":20,"column":7}},"type":"if","locations":[{"start":{"line":18,"column":13},"end":{"line":20,"column":7}},{"start":{"line":18,"column":13},"end":{"line":20,"column":7}}],"line":18},"6":{"loc":{"start":{"line":23,"column":6},"end":{"line":29,"column":7}},"type":"if","locations":[{"start":{"line":23,"column":6},"end":{"line":29,"column":7}},{"start":{"line":23,"column":6},"end":{"line":29,"column":7}}],"line":23},"7":{"loc":{"start":{"line":25,"column":13},"end":{"line":29,"column":7}},"type":"if","locations":[{"start":{"line":25,"column":13},"end":{"line":29,"column":7}},{"start":{"line":25,"column":13},"end":{"line":29,"column":7}}],"line":25},"8":{"loc":{"start":{"line":27,"column":13},"end":{"line":29,"column":7}},"type":"if","locations":[{"start":{"line":27,"column":13},"end":{"line":29,"column":7}},{"start":{"line":27,"column":13},"end":{"line":29,"column":7}}],"line":27},"9":{"loc":{"start":{"line":40,"column":6},"end":{"line":44,"column":7}},"type":"if","locations":[{"start":{"line":40,"column":6},"end":{"line":44,"column":7}},{"start":{"line":40,"column":6},"end":{"line":44,"column":7}}],"line":40}},"s":{"0":1,"1":13,"2":1,"3":1,"4":6,"5":1,"6":5,"7":1,"8":4,"9":1,"10":3,"11":1,"12":2,"13":1,"14":1,"15":4,"16":1,"17":3,"18":1,"19":2,"20":1,"21":1,"22":1,"23":15,"24":15,"25":14,"26":13,"27":1,"28":2,"29":1},"f":{"0":13,"1":15},"b":{"0":[1,1,6,4,1],"1":[1,5],"2":[1,4],"3":[1,3],"4":[1,2],"5":[1,1],"6":[1,3],"7":[1,2],"8":[1,1],"9":[13,1]},"_coverageSchema":"1a1c01bbd47fc00a2c39e90264f33305004495a9","hash":"93626bf961e0065661e2db46219c1078aea41dda"}
}
