TN:
SF:modules/TvaGenerator.js
FN:4,(anonymous_0)
FN:9,(anonymous_1)
FN:12,(anonymous_2)
FNF:3
FNH:3
FNDA:16,(anonymous_0)
FNDA:16,(anonymous_1)
FNDA:448,(anonymous_2)
DA:1,3
DA:5,16
DA:6,16
DA:10,16
DA:11,16
DA:12,16
DA:13,448
DA:14,16
DA:15,16
DA:18,16
DA:19,0
DA:23,3
LF:12
LH:11
BRDA:13,0,0,16
BRDA:13,0,1,432
BRDA:18,1,0,0
BRDA:18,1,1,16
BRF:4
BRH:3
end_of_record
TN:
SF:modules/bill.js
FN:3,sum
FN:5,(anonymous_1)
FN:11,(anonymous_2)
FN:20,(anonymous_3)
FN:30,(anonymous_4)
FNF:5
FNH:5
FNDA:15,sum
FNDA:22,(anonymous_1)
FNDA:24,(anonymous_2)
FNDA:24,(anonymous_3)
FNDA:25,(anonymous_4)
DA:1,2
DA:4,15
DA:5,22
DA:6,15
DA:7,15
DA:12,24
DA:13,24
DA:14,24
DA:15,24
DA:16,24
DA:17,15
DA:21,24
DA:22,3
DA:23,21
DA:24,2
DA:25,19
DA:26,1
DA:27,18
DA:28,1
DA:30,17
DA:31,25
DA:32,1
DA:33,24
DA:34,1
DA:38,15
DA:39,15
DA:40,15
DA:42,0
DA:46,2
LF:29
LH:28
BRDA:21,0,0,3
BRDA:21,0,1,21
BRDA:21,1,0,24
BRDA:21,1,1,23
BRDA:21,1,2,22
BRDA:23,2,0,2
BRDA:23,2,1,19
BRDA:25,3,0,1
BRDA:25,3,1,18
BRDA:27,4,0,1
BRDA:27,4,1,17
BRDA:31,5,0,1
BRDA:31,5,1,24
BRDA:33,6,0,1
BRDA:33,6,1,23
BRF:15
BRH:15
end_of_record
TN:
SF:modules/billDiscount.js
FN:3,discountCalculator
FN:37,(anonymous_1)
FNF:2
FNH:2
FNDA:13,discountCalculator
FNDA:15,(anonymous_1)
DA:1,1
DA:4,13
DA:6,1
DA:8,1
DA:10,6
DA:11,1
DA:12,5
DA:13,1
DA:14,4
DA:15,1
DA:16,3
DA:17,1
DA:18,2
DA:19,1
DA:21,1
DA:23,4
DA:24,1
DA:25,3
DA:26,1
DA:27,2
DA:28,1
DA:30,1
DA:32,1
DA:38,15
DA:39,15
DA:40,14
DA:41,13
DA:43,1
DA:46,2
DA:50,1
LF:30
LH:30
BRDA:4,0,0,1
BRDA:4,0,1,1
BRDA:4,0,2,6
BRDA:4,0,3,4
BRDA:4,0,4,1
BRDA:10,1,0,1
BRDA:10,1,1,5
BRDA:12,2,0,1
BRDA:12,2,1,4
BRDA:14,3,0,1
BRDA:14,3,1,3
BRDA:16,4,0,1
BRDA:16,4,1,2
BRDA:18,5,0,1
BRDA:18,5,1,1
BRDA:23,6,0,1
BRDA:23,6,1,3
BRDA:25,7,0,1
BRDA:25,7,1,2
BRDA:27,8,0,1
BRDA:27,8,1,1
BRDA:40,9,0,13
BRDA:40,9,1,1
BRF:23
BRH:23
end_of_record
