TN:
SF:modules/TvaGenerator.js
FN:4,(anonymous_0)
FN:9,(anonymous_1)
FN:12,(anonymous_2)
FNF:3
FNH:3
FNDA:2,(anonymous_0)
FNDA:2,(anonymous_1)
FNDA:56,(anonymous_2)
DA:1,2
DA:5,2
DA:6,2
DA:10,2
DA:11,2
DA:12,2
DA:13,56
DA:14,2
DA:15,2
DA:18,2
DA:19,0
DA:23,2
LF:12
LH:11
BRDA:13,0,0,2
BRDA:13,0,1,54
BRDA:18,1,0,0
BRDA:18,1,1,2
BRF:4
BRH:3
end_of_record
TN:
SF:modules/bill.js
FN:3,sum
FN:5,(anonymous_1)
FN:11,(anonymous_2)
FN:20,(anonymous_3)
FN:30,(anonymous_4)
FNF:5
FNH:5
FNDA:1,sum
FNDA:2,(anonymous_1)
FNDA:9,(anonymous_2)
FNDA:9,(anonymous_3)
FNDA:5,(anonymous_4)
DA:1,1
DA:4,1
DA:5,2
DA:6,1
DA:7,1
DA:12,9
DA:13,9
DA:14,9
DA:15,9
DA:16,9
DA:17,1
DA:21,9
DA:22,3
DA:23,6
DA:24,1
DA:25,5
DA:26,1
DA:27,4
DA:28,1
DA:30,3
DA:31,5
DA:32,1
DA:33,4
DA:34,1
DA:38,1
DA:39,1
DA:40,1
DA:42,0
DA:46,1
LF:29
LH:28
BRDA:21,0,0,3
BRDA:21,0,1,6
BRDA:21,1,0,9
BRDA:21,1,1,8
BRDA:21,1,2,7
BRDA:23,2,0,1
BRDA:23,2,1,5
BRDA:25,3,0,1
BRDA:25,3,1,4
BRDA:27,4,0,1
BRDA:27,4,1,3
BRDA:31,5,0,1
BRDA:31,5,1,4
BRDA:33,6,0,1
BRDA:33,6,1,3
BRF:15
BRH:15
end_of_record
